<?xml version="1.0" encoding="UTF-8"?>
<!-- Generated by org.testng.reporters.JUnitReportReporter -->
<testsuite hostname="Seachange-PC" name="CreateReqsn.TestNG" tests="1" failures="0" timestamp="1 Aug 2017 08:51:49 GMT" time="0.162" errors="0">
  <testcase name="Locations" time="0.162" classname="CreateReqsn.TestNG"/>
</testsuite> <!-- CreateReqsn.TestNG -->
